{
  "RSpec": {
    "coverage": {
      "/Users/kfoss/Desktop/mod3final/storedom/app/helpers/api/v1/items_helper.rb": [
        1,
        null
      ],
      "/Users/kfoss/Desktop/mod3final/storedom/app/helpers/application_helper.rb": [
        1,
        null
      ],
      "/Users/kfoss/Desktop/mod3final/storedom/app/helpers/items_helper.rb": [
        1,
        null
      ],
      "/Users/kfoss/Desktop/mod3final/storedom/app/helpers/orders_helper.rb": [
        1,
        null
      ],
      "/Users/kfoss/Desktop/mod3final/storedom/app/helpers/users_helper.rb": [
        1,
        null
      ],
      "/Users/kfoss/Desktop/mod3final/storedom/app/controllers/api/v1/items_controller.rb": [
        1,
        1,
        null,
        1,
        1,
        null,
        null,
        1,
        1,
        null,
        null,
        null
      ],
      "/Users/kfoss/Desktop/mod3final/storedom/app/controllers/application_controller.rb": [
        1,
        null,
        null,
        1,
        null
      ],
      "/Users/kfoss/Desktop/mod3final/storedom/app/models/item.rb": [
        1,
        1,
        1,
        null
      ],
      "/Users/kfoss/Desktop/mod3final/storedom/app/controllers/items_controller.rb": [
        1,
        1,
        1,
        null,
        null,
        1,
        0,
        null,
        null
      ],
      "/Users/kfoss/Desktop/mod3final/storedom/app/controllers/orders_controller.rb": [
        0,
        0,
        0,
        0,
        0,
        0,
        0,
        0,
        0
      ],
      "/Users/kfoss/Desktop/mod3final/storedom/app/controllers/users_controller.rb": [
        0,
        0,
        0,
        0,
        0,
        0,
        0,
        0,
        0
      ],
      "/Users/kfoss/Desktop/mod3final/storedom/app/models/order.rb": [
        0,
        0,
        0,
        0,
        0,
        0
      ],
      "/Users/kfoss/Desktop/mod3final/storedom/app/models/order_item.rb": [
        0,
        0,
        0,
        0
      ],
      "/Users/kfoss/Desktop/mod3final/storedom/app/models/user.rb": [
        0,
        0,
        0
      ]
    },
    "timestamp": 1465918214
  }
}
